f:\4.2\graphics lab\3rd lab\assignment\lighting\x64\debug\vc143.pdb
f:\4.2\graphics lab\3rd lab\assignment\lighting\x64\debug\vc143.idb
f:\4.2\graphics lab\3rd lab\assignment\lighting\x64\debug\glad.obj
f:\4.2\graphics lab\17 nov\backup 8]\lighting\x64\debug\vc143.pdb
f:\4.2\graphics lab\17 nov\backup 8]\lighting\x64\debug\vc143.idb
f:\4.2\graphics lab\17 nov\backup 8]\lighting\x64\debug\stb_image.obj
f:\4.2\graphics lab\17 nov\backup 8]\lighting\x64\debug\main.obj
f:\4.2\graphics lab\3rd lab\b1\computer-graphics-youtube-main\computer-graphics-youtube-main\opengl 3.3 - lighting (part1+2+3)\x64\debug\lighting.exe
f:\4.2\graphics lab\3rd lab\b1\computer-graphics-youtube-main\computer-graphics-youtube-main\opengl 3.3 - lighting (part1+2+3)\x64\debug\lighting.ilk
f:\4.2\graphics lab\3rd lab\b1\computer-graphics-youtube-main\computer-graphics-youtube-main\opengl 3.3 - lighting (part1+2+3)\x64\debug\lighting.pdb
f:\4.2\graphics lab\3rd lab\assignment\lighting\x64\debug\lighting.exe
f:\4.2\graphics lab\3rd lab\assignment\lighting\x64\debug\lighting.ilk
f:\4.2\graphics lab\3rd lab\assignment\lighting\x64\debug\lighting.pdb
f:\4.2\graphics lab\4th lab\progress\lighting\x64\debug\lighting.exe
f:\4.2\graphics lab\4th lab\progress\lighting\x64\debug\lighting.ilk
f:\4.2\graphics lab\4th lab\progress\lighting\x64\debug\lighting.pdb
f:\4.2\graphics lab\17 nov\backup 8]\lighting\x64\debug\lighting.exe
f:\4.2\graphics lab\17 nov\backup 8]\lighting\x64\debug\lighting.ilk
f:\4.2\graphics lab\17 nov\backup 8]\lighting\x64\debug\lighting.pdb
f:\4.2\graphics lab\17 nov\backup 8]\lighting\x64\debug\glad.obj
f:\4.2\graphics lab\17 nov\backup 8]\lighting\x64\debug\lighting.tlog\cl.command.1.tlog
f:\4.2\graphics lab\17 nov\backup 8]\lighting\x64\debug\lighting.tlog\cl.items.tlog
f:\4.2\graphics lab\17 nov\backup 8]\lighting\x64\debug\lighting.tlog\cl.read.1.tlog
f:\4.2\graphics lab\17 nov\backup 8]\lighting\x64\debug\lighting.tlog\cl.write.1.tlog
f:\4.2\graphics lab\17 nov\backup 8]\lighting\x64\debug\lighting.tlog\link.command.1.tlog
f:\4.2\graphics lab\17 nov\backup 8]\lighting\x64\debug\lighting.tlog\link.read.1.tlog
f:\4.2\graphics lab\17 nov\backup 8]\lighting\x64\debug\lighting.tlog\link.write.1.tlog
