  main.cpp
F:\4.2\Graphics Lab\updated from pd\Lighting\curve.h(154,37): warning C4244: 'initializing': conversion from 'double' to 'float', possible loss of data
F:\4.2\Graphics Lab\updated from pd\Lighting\curve.h(154,28): warning C4244: 'initializing': conversion from 'double' to 'const float', possible loss of data
F:\4.2\Graphics Lab\updated from pd\Lighting\curve.h(157,18): warning C4244: 'initializing': conversion from 'double' to 'float', possible loss of data
F:\4.2\Graphics Lab\updated from pd\Lighting\curve.h(167,29): warning C4244: '=': conversion from 'double' to 'float', possible loss of data
F:\4.2\Graphics Lab\updated from pd\Lighting\curve.h(173,23): warning C4244: '=': conversion from 'double' to 'float', possible loss of data
F:\4.2\Graphics Lab\updated from pd\Lighting\curve.h(174,23): warning C4244: '=': conversion from 'double' to 'float', possible loss of data
F:\4.2\Graphics Lab\updated from pd\Lighting\sphere.h(178,26): warning C4244: 'initializing': conversion from 'double' to 'float', possible loss of data
F:\4.2\Graphics Lab\updated from pd\Lighting\sphere.h(179,25): warning C4244: 'initializing': conversion from 'double' to 'float', possible loss of data
F:\4.2\Graphics Lab\updated from pd\Lighting\sphere.h(181,26): warning C4244: 'initializing': conversion from 'double' to 'float', possible loss of data
F:\4.2\Graphics Lab\updated from pd\Lighting\cylinder.h(150,24): warning C4101: 'normalX': unreferenced local variable
F:\4.2\Graphics Lab\updated from pd\Lighting\cylinder.h(150,33): warning C4101: 'normalY': unreferenced local variable
F:\4.2\Graphics Lab\updated from pd\Lighting\cylinder.h(150,18): warning C4101: 'y': unreferenced local variable
F:\4.2\Graphics Lab\updated from pd\Lighting\cylinder.h(150,42): warning C4101: 'normalZ': unreferenced local variable
F:\4.2\Graphics Lab\updated from pd\Lighting\main.cpp(77,2): warning C4305: 'initializing': truncation from 'double' to '_Ty'
          with
          [
              _Ty=float
          ]
F:\4.2\Graphics Lab\updated from pd\Lighting\main.cpp(77,10): warning C4305: 'initializing': truncation from 'double' to '_Ty'
          with
          [
              _Ty=float
          ]
F:\4.2\Graphics Lab\updated from pd\Lighting\main.cpp(77,18): warning C4305: 'initializing': truncation from 'double' to '_Ty'
          with
          [
              _Ty=float
          ]
F:\4.2\Graphics Lab\updated from pd\Lighting\main.cpp(78,2): warning C4305: 'initializing': truncation from 'double' to '_Ty'
          with
          [
              _Ty=float
          ]
F:\4.2\Graphics Lab\updated from pd\Lighting\main.cpp(78,10): warning C4305: 'initializing': truncation from 'double' to '_Ty'
          with
          [
              _Ty=float
          ]
F:\4.2\Graphics Lab\updated from pd\Lighting\main.cpp(78,18): warning C4305: 'initializing': truncation from 'double' to '_Ty'
          with
          [
              _Ty=float
          ]
F:\4.2\Graphics Lab\updated from pd\Lighting\main.cpp(79,2): warning C4305: 'initializing': truncation from 'double' to '_Ty'
          with
          [
              _Ty=float
          ]
F:\4.2\Graphics Lab\updated from pd\Lighting\main.cpp(79,10): warning C4305: 'initializing': truncation from 'double' to '_Ty'
          with
          [
              _Ty=float
          ]
F:\4.2\Graphics Lab\updated from pd\Lighting\main.cpp(79,18): warning C4305: 'initializing': truncation from 'double' to '_Ty'
          with
          [
              _Ty=float
          ]
F:\4.2\Graphics Lab\updated from pd\Lighting\main.cpp(80,2): warning C4305: 'initializing': truncation from 'double' to '_Ty'
          with
          [
              _Ty=float
          ]
F:\4.2\Graphics Lab\updated from pd\Lighting\main.cpp(80,10): warning C4305: 'initializing': truncation from 'double' to '_Ty'
          with
          [
              _Ty=float
          ]
F:\4.2\Graphics Lab\updated from pd\Lighting\main.cpp(80,18): warning C4305: 'initializing': truncation from 'double' to '_Ty'
          with
          [
              _Ty=float
          ]
F:\4.2\Graphics Lab\updated from pd\Lighting\main.cpp(81,2): warning C4305: 'initializing': truncation from 'double' to '_Ty'
          with
          [
              _Ty=float
          ]
F:\4.2\Graphics Lab\updated from pd\Lighting\main.cpp(81,10): warning C4305: 'initializing': truncation from 'double' to '_Ty'
          with
          [
              _Ty=float
          ]
F:\4.2\Graphics Lab\updated from pd\Lighting\main.cpp(81,18): warning C4305: 'initializing': truncation from 'double' to '_Ty'
          with
          [
              _Ty=float
          ]
F:\4.2\Graphics Lab\updated from pd\Lighting\main.cpp(82,2): warning C4305: 'initializing': truncation from 'double' to '_Ty'
          with
          [
              _Ty=float
          ]
F:\4.2\Graphics Lab\updated from pd\Lighting\main.cpp(82,10): warning C4305: 'initializing': truncation from 'double' to '_Ty'
          with
          [
              _Ty=float
          ]
F:\4.2\Graphics Lab\updated from pd\Lighting\main.cpp(82,18): warning C4305: 'initializing': truncation from 'double' to '_Ty'
          with
          [
              _Ty=float
          ]
F:\4.2\Graphics Lab\updated from pd\Lighting\main.cpp(83,2): warning C4305: 'initializing': truncation from 'double' to '_Ty'
          with
          [
              _Ty=float
          ]
F:\4.2\Graphics Lab\updated from pd\Lighting\main.cpp(83,10): warning C4305: 'initializing': truncation from 'double' to '_Ty'
          with
          [
              _Ty=float
          ]
F:\4.2\Graphics Lab\updated from pd\Lighting\main.cpp(83,18): warning C4305: 'initializing': truncation from 'double' to '_Ty'
          with
          [
              _Ty=float
          ]
F:\4.2\Graphics Lab\updated from pd\Lighting\main.cpp(84,2): warning C4305: 'initializing': truncation from 'double' to '_Ty'
          with
          [
              _Ty=float
          ]
F:\4.2\Graphics Lab\updated from pd\Lighting\main.cpp(84,10): warning C4305: 'initializing': truncation from 'double' to '_Ty'
          with
          [
              _Ty=float
          ]
F:\4.2\Graphics Lab\updated from pd\Lighting\main.cpp(84,18): warning C4305: 'initializing': truncation from 'double' to '_Ty'
          with
          [
              _Ty=float
          ]
F:\4.2\Graphics Lab\updated from pd\Lighting\main.cpp(85,2): warning C4305: 'initializing': truncation from 'double' to '_Ty'
          with
          [
              _Ty=float
          ]
F:\4.2\Graphics Lab\updated from pd\Lighting\main.cpp(85,10): warning C4305: 'initializing': truncation from 'double' to '_Ty'
          with
          [
              _Ty=float
          ]
F:\4.2\Graphics Lab\updated from pd\Lighting\main.cpp(85,18): warning C4305: 'initializing': truncation from 'double' to '_Ty'
          with
          [
              _Ty=float
          ]
F:\4.2\Graphics Lab\updated from pd\Lighting\main.cpp(89,2): warning C4305: 'initializing': truncation from 'double' to '_Ty'
          with
          [
              _Ty=float
          ]
F:\4.2\Graphics Lab\updated from pd\Lighting\main.cpp(89,10): warning C4305: 'initializing': truncation from 'double' to '_Ty'
          with
          [
              _Ty=float
          ]
F:\4.2\Graphics Lab\updated from pd\Lighting\main.cpp(89,18): warning C4305: 'initializing': truncation from 'double' to '_Ty'
          with
          [
              _Ty=float
          ]
F:\4.2\Graphics Lab\updated from pd\Lighting\main.cpp(90,2): warning C4305: 'initializing': truncation from 'double' to '_Ty'
          with
          [
              _Ty=float
          ]
F:\4.2\Graphics Lab\updated from pd\Lighting\main.cpp(90,10): warning C4305: 'initializing': truncation from 'double' to '_Ty'
          with
          [
              _Ty=float
          ]
F:\4.2\Graphics Lab\updated from pd\Lighting\main.cpp(90,18): warning C4305: 'initializing': truncation from 'double' to '_Ty'
          with
          [
              _Ty=float
          ]
F:\4.2\Graphics Lab\updated from pd\Lighting\main.cpp(91,2): warning C4305: 'initializing': truncation from 'double' to '_Ty'
          with
          [
              _Ty=float
          ]
F:\4.2\Graphics Lab\updated from pd\Lighting\main.cpp(91,10): warning C4305: 'initializing': truncation from 'double' to '_Ty'
          with
          [
              _Ty=float
          ]
F:\4.2\Graphics Lab\updated from pd\Lighting\main.cpp(91,18): warning C4305: 'initializing': truncation from 'double' to '_Ty'
          with
          [
              _Ty=float
          ]
F:\4.2\Graphics Lab\updated from pd\Lighting\main.cpp(92,2): warning C4305: 'initializing': truncation from 'double' to '_Ty'
          with
          [
              _Ty=float
          ]
F:\4.2\Graphics Lab\updated from pd\Lighting\main.cpp(92,10): warning C4305: 'initializing': truncation from 'double' to '_Ty'
          with
          [
              _Ty=float
          ]
F:\4.2\Graphics Lab\updated from pd\Lighting\main.cpp(92,18): warning C4305: 'initializing': truncation from 'double' to '_Ty'
          with
          [
              _Ty=float
          ]
F:\4.2\Graphics Lab\updated from pd\Lighting\main.cpp(93,2): warning C4305: 'initializing': truncation from 'double' to '_Ty'
          with
          [
              _Ty=float
          ]
F:\4.2\Graphics Lab\updated from pd\Lighting\main.cpp(93,10): warning C4305: 'initializing': truncation from 'double' to '_Ty'
          with
          [
              _Ty=float
          ]
F:\4.2\Graphics Lab\updated from pd\Lighting\main.cpp(93,18): warning C4305: 'initializing': truncation from 'double' to '_Ty'
          with
          [
              _Ty=float
          ]
F:\4.2\Graphics Lab\updated from pd\Lighting\main.cpp(94,2): warning C4305: 'initializing': truncation from 'double' to '_Ty'
          with
          [
              _Ty=float
          ]
F:\4.2\Graphics Lab\updated from pd\Lighting\main.cpp(94,10): warning C4305: 'initializing': truncation from 'double' to '_Ty'
          with
          [
              _Ty=float
          ]
F:\4.2\Graphics Lab\updated from pd\Lighting\main.cpp(94,18): warning C4305: 'initializing': truncation from 'double' to '_Ty'
          with
          [
              _Ty=float
          ]
F:\4.2\Graphics Lab\updated from pd\Lighting\main.cpp(95,2): warning C4305: 'initializing': truncation from 'double' to '_Ty'
          with
          [
              _Ty=float
          ]
F:\4.2\Graphics Lab\updated from pd\Lighting\main.cpp(95,10): warning C4305: 'initializing': truncation from 'double' to '_Ty'
          with
          [
              _Ty=float
          ]
F:\4.2\Graphics Lab\updated from pd\Lighting\main.cpp(95,18): warning C4305: 'initializing': truncation from 'double' to '_Ty'
          with
          [
              _Ty=float
          ]
F:\4.2\Graphics Lab\updated from pd\Lighting\main.cpp(96,2): warning C4305: 'initializing': truncation from 'double' to '_Ty'
          with
          [
              _Ty=float
          ]
F:\4.2\Graphics Lab\updated from pd\Lighting\main.cpp(96,10): warning C4305: 'initializing': truncation from 'double' to '_Ty'
          with
          [
              _Ty=float
          ]
F:\4.2\Graphics Lab\updated from pd\Lighting\main.cpp(96,18): warning C4305: 'initializing': truncation from 'double' to '_Ty'
          with
          [
              _Ty=float
          ]
F:\4.2\Graphics Lab\updated from pd\Lighting\main.cpp(97,2): warning C4305: 'initializing': truncation from 'double' to '_Ty'
          with
          [
              _Ty=float
          ]
F:\4.2\Graphics Lab\updated from pd\Lighting\main.cpp(97,10): warning C4305: 'initializing': truncation from 'double' to '_Ty'
          with
          [
              _Ty=float
          ]
F:\4.2\Graphics Lab\updated from pd\Lighting\main.cpp(97,18): warning C4305: 'initializing': truncation from 'double' to '_Ty'
          with
          [
              _Ty=float
          ]
F:\4.2\Graphics Lab\updated from pd\Lighting\main.cpp(98,2): warning C4305: 'initializing': truncation from 'double' to '_Ty'
          with
          [
              _Ty=float
          ]
F:\4.2\Graphics Lab\updated from pd\Lighting\main.cpp(98,10): warning C4305: 'initializing': truncation from 'double' to '_Ty'
          with
          [
              _Ty=float
          ]
F:\4.2\Graphics Lab\updated from pd\Lighting\main.cpp(98,18): warning C4305: 'initializing': truncation from 'double' to '_Ty'
          with
          [
              _Ty=float
          ]
F:\4.2\Graphics Lab\updated from pd\Lighting\main.cpp(99,2): warning C4305: 'initializing': truncation from 'double' to '_Ty'
          with
          [
              _Ty=float
          ]
F:\4.2\Graphics Lab\updated from pd\Lighting\main.cpp(99,10): warning C4305: 'initializing': truncation from 'double' to '_Ty'
          with
          [
              _Ty=float
          ]
F:\4.2\Graphics Lab\updated from pd\Lighting\main.cpp(99,18): warning C4305: 'initializing': truncation from 'double' to '_Ty'
          with
          [
              _Ty=float
          ]
F:\4.2\Graphics Lab\updated from pd\Lighting\main.cpp(100,2): warning C4305: 'initializing': truncation from 'double' to '_Ty'
          with
          [
              _Ty=float
          ]
F:\4.2\Graphics Lab\updated from pd\Lighting\main.cpp(100,10): warning C4305: 'initializing': truncation from 'double' to '_Ty'
          with
          [
              _Ty=float
          ]
F:\4.2\Graphics Lab\updated from pd\Lighting\main.cpp(100,18): warning C4305: 'initializing': truncation from 'double' to '_Ty'
          with
          [
              _Ty=float
          ]
F:\4.2\Graphics Lab\updated from pd\Lighting\main.cpp(101,2): warning C4305: 'initializing': truncation from 'double' to '_Ty'
          with
          [
              _Ty=float
          ]
F:\4.2\Graphics Lab\updated from pd\Lighting\main.cpp(101,10): warning C4305: 'initializing': truncation from 'double' to '_Ty'
          with
          [
              _Ty=float
          ]
F:\4.2\Graphics Lab\updated from pd\Lighting\main.cpp(101,18): warning C4305: 'initializing': truncation from 'double' to '_Ty'
          with
          [
              _Ty=float
          ]
F:\4.2\Graphics Lab\updated from pd\Lighting\main.cpp(102,2): warning C4305: 'initializing': truncation from 'double' to '_Ty'
          with
          [
              _Ty=float
          ]
F:\4.2\Graphics Lab\updated from pd\Lighting\main.cpp(102,10): warning C4305: 'initializing': truncation from 'double' to '_Ty'
          with
          [
              _Ty=float
          ]
F:\4.2\Graphics Lab\updated from pd\Lighting\main.cpp(102,18): warning C4305: 'initializing': truncation from 'double' to '_Ty'
          with
          [
              _Ty=float
          ]
F:\4.2\Graphics Lab\updated from pd\Lighting\main.cpp(110,2): warning C4305: 'initializing': truncation from 'double' to '_Ty'
          with
          [
              _Ty=float
          ]
F:\4.2\Graphics Lab\updated from pd\Lighting\main.cpp(110,10): warning C4305: 'initializing': truncation from 'double' to '_Ty'
          with
          [
              _Ty=float
          ]
F:\4.2\Graphics Lab\updated from pd\Lighting\main.cpp(110,18): warning C4305: 'initializing': truncation from 'double' to '_Ty'
          with
          [
              _Ty=float
          ]
F:\4.2\Graphics Lab\updated from pd\Lighting\main.cpp(111,2): warning C4305: 'initializing': truncation from 'double' to '_Ty'
          with
          [
              _Ty=float
          ]
F:\4.2\Graphics Lab\updated from pd\Lighting\main.cpp(111,10): warning C4305: 'initializing': truncation from 'double' to '_Ty'
          with
          [
              _Ty=float
          ]
F:\4.2\Graphics Lab\updated from pd\Lighting\main.cpp(111,18): warning C4305: 'initializing': truncation from 'double' to '_Ty'
          with
          [
              _Ty=float
          ]
F:\4.2\Graphics Lab\updated from pd\Lighting\main.cpp(112,2): warning C4305: 'initializing': truncation from 'double' to '_Ty'
          with
          [
              _Ty=float
          ]
F:\4.2\Graphics Lab\updated from pd\Lighting\main.cpp(112,10): warning C4305: 'initializing': truncation from 'double' to '_Ty'
          with
          [
              _Ty=float
          ]
F:\4.2\Graphics Lab\updated from pd\Lighting\main.cpp(112,18): warning C4305: 'initializing': truncation from 'double' to '_Ty'
          with
          [
              _Ty=float
          ]
F:\4.2\Graphics Lab\updated from pd\Lighting\main.cpp(113,2): warning C4305: 'initializing': truncation from 'double' to '_Ty'
          with
          [
              _Ty=float
          ]
F:\4.2\Graphics Lab\updated from pd\Lighting\main.cpp(113,10): warning C4305: 'initializing': truncation from 'double' to '_Ty'
          with
          [
              _Ty=float
          ]
F:\4.2\Graphics Lab\updated from pd\Lighting\main.cpp(113,18): warning C4305: 'initializing': truncation from 'double' to '_Ty'
          with
          [
              _Ty=float
          ]
F:\4.2\Graphics Lab\updated from pd\Lighting\main.cpp(114,2): warning C4305: 'initializing': truncation from 'double' to '_Ty'
          with
          [
              _Ty=float
          ]
F:\4.2\Graphics Lab\updated from pd\Lighting\main.cpp(114,10): warning C4305: 'initializing': truncation from 'double' to '_Ty'
          with
          [
              _Ty=float
          ]
F:\4.2\Graphics Lab\updated from pd\Lighting\main.cpp(114,18): warning C4305: 'initializing': truncation from 'double' to '_Ty'
          with
          [
              _Ty=float
          ]
F:\4.2\Graphics Lab\updated from pd\Lighting\main.cpp(115,2): warning C4305: 'initializing': truncation from 'double' to '_Ty'
          with
          [
              _Ty=float
          ]
F:\4.2\Graphics Lab\updated from pd\Lighting\main.cpp(115,10): warning C4305: 'initializing': truncation from 'double' to '_Ty'
          with
          [
              _Ty=float
          ]
F:\4.2\Graphics Lab\updated from pd\Lighting\main.cpp(115,18): warning C4305: 'initializing': truncation from 'double' to '_Ty'
          with
          [
              _Ty=float
          ]
F:\4.2\Graphics Lab\updated from pd\Lighting\main.cpp(116,2): warning C4305: 'initializing': truncation from 'double' to '_Ty'
          with
          [
              _Ty=float
          ]
F:\4.2\Graphics Lab\updated from pd\Lighting\main.cpp(116,10): warning C4305: 'initializing': truncation from 'double' to '_Ty'
          with
          [
              _Ty=float
          ]
F:\4.2\Graphics Lab\updated from pd\Lighting\main.cpp(116,18): warning C4305: 'initializing': truncation from 'double' to '_Ty'
          with
          [
              _Ty=float
          ]
F:\4.2\Graphics Lab\updated from pd\Lighting\main.cpp(117,2): warning C4305: 'initializing': truncation from 'double' to '_Ty'
          with
          [
              _Ty=float
          ]
F:\4.2\Graphics Lab\updated from pd\Lighting\main.cpp(117,10): warning C4305: 'initializing': truncation from 'double' to '_Ty'
          with
          [
              _Ty=float
          ]
F:\4.2\Graphics Lab\updated from pd\Lighting\main.cpp(117,18): warning C4305: 'initializing': truncation from 'double' to '_Ty'
          with
          [
              _Ty=float
          ]
F:\4.2\Graphics Lab\updated from pd\Lighting\main.cpp(118,2): warning C4305: 'initializing': truncation from 'double' to '_Ty'
          with
          [
              _Ty=float
          ]
F:\4.2\Graphics Lab\updated from pd\Lighting\main.cpp(118,10): warning C4305: 'initializing': truncation from 'double' to '_Ty'
          with
          [
              _Ty=float
          ]
F:\4.2\Graphics Lab\updated from pd\Lighting\main.cpp(118,18): warning C4305: 'initializing': truncation from 'double' to '_Ty'
          with
          [
              _Ty=float
          ]
F:\4.2\Graphics Lab\updated from pd\Lighting\main.cpp(119,2): warning C4305: 'initializing': truncation from 'double' to '_Ty'
          with
          [
              _Ty=float
          ]
F:\4.2\Graphics Lab\updated from pd\Lighting\main.cpp(119,10): warning C4305: 'initializing': truncation from 'double' to '_Ty'
          with
          [
              _Ty=float
          ]
F:\4.2\Graphics Lab\updated from pd\Lighting\main.cpp(119,18): warning C4305: 'initializing': truncation from 'double' to '_Ty'
          with
          [
              _Ty=float
          ]
F:\4.2\Graphics Lab\updated from pd\Lighting\main.cpp(120,2): warning C4305: 'initializing': truncation from 'double' to '_Ty'
          with
          [
              _Ty=float
          ]
F:\4.2\Graphics Lab\updated from pd\Lighting\main.cpp(120,10): warning C4305: 'initializing': truncation from 'double' to '_Ty'
          with
          [
              _Ty=float
          ]
F:\4.2\Graphics Lab\updated from pd\Lighting\main.cpp(120,18): warning C4305: 'initializing': truncation from 'double' to '_Ty'
          with
          [
              _Ty=float
          ]
F:\4.2\Graphics Lab\updated from pd\Lighting\main.cpp(121,2): warning C4305: 'initializing': truncation from 'double' to '_Ty'
          with
          [
              _Ty=float
          ]
F:\4.2\Graphics Lab\updated from pd\Lighting\main.cpp(121,10): warning C4305: 'initializing': truncation from 'double' to '_Ty'
          with
          [
              _Ty=float
          ]
F:\4.2\Graphics Lab\updated from pd\Lighting\main.cpp(121,18): warning C4305: 'initializing': truncation from 'double' to '_Ty'
          with
          [
              _Ty=float
          ]
F:\4.2\Graphics Lab\updated from pd\Lighting\main.cpp(122,2): warning C4305: 'initializing': truncation from 'double' to '_Ty'
          with
          [
              _Ty=float
          ]
F:\4.2\Graphics Lab\updated from pd\Lighting\main.cpp(122,10): warning C4305: 'initializing': truncation from 'double' to '_Ty'
          with
          [
              _Ty=float
          ]
F:\4.2\Graphics Lab\updated from pd\Lighting\main.cpp(122,18): warning C4305: 'initializing': truncation from 'double' to '_Ty'
          with
          [
              _Ty=float
          ]
F:\4.2\Graphics Lab\updated from pd\Lighting\main.cpp(123,2): warning C4305: 'initializing': truncation from 'double' to '_Ty'
          with
          [
              _Ty=float
          ]
F:\4.2\Graphics Lab\updated from pd\Lighting\main.cpp(123,10): warning C4305: 'initializing': truncation from 'double' to '_Ty'
          with
          [
              _Ty=float
          ]
F:\4.2\Graphics Lab\updated from pd\Lighting\main.cpp(123,18): warning C4305: 'initializing': truncation from 'double' to '_Ty'
          with
          [
              _Ty=float
          ]
F:\4.2\Graphics Lab\updated from pd\Lighting\main.cpp(124,2): warning C4305: 'initializing': truncation from 'double' to '_Ty'
          with
          [
              _Ty=float
          ]
F:\4.2\Graphics Lab\updated from pd\Lighting\main.cpp(124,10): warning C4305: 'initializing': truncation from 'double' to '_Ty'
          with
          [
              _Ty=float
          ]
F:\4.2\Graphics Lab\updated from pd\Lighting\main.cpp(124,18): warning C4305: 'initializing': truncation from 'double' to '_Ty'
          with
          [
              _Ty=float
          ]
F:\4.2\Graphics Lab\updated from pd\Lighting\main.cpp(125,2): warning C4305: 'initializing': truncation from 'double' to '_Ty'
          with
          [
              _Ty=float
          ]
F:\4.2\Graphics Lab\updated from pd\Lighting\main.cpp(125,10): warning C4305: 'initializing': truncation from 'double' to '_Ty'
          with
          [
              _Ty=float
          ]
F:\4.2\Graphics Lab\updated from pd\Lighting\main.cpp(125,18): warning C4305: 'initializing': truncation from 'double' to '_Ty'
          with
          [
              _Ty=float
          ]
F:\4.2\Graphics Lab\updated from pd\Lighting\main.cpp(126,2): warning C4305: 'initializing': truncation from 'double' to '_Ty'
          with
          [
              _Ty=float
          ]
F:\4.2\Graphics Lab\updated from pd\Lighting\main.cpp(126,10): warning C4305: 'initializing': truncation from 'double' to '_Ty'
          with
          [
              _Ty=float
          ]
F:\4.2\Graphics Lab\updated from pd\Lighting\main.cpp(126,18): warning C4305: 'initializing': truncation from 'double' to '_Ty'
          with
          [
              _Ty=float
          ]
F:\4.2\Graphics Lab\updated from pd\Lighting\main.cpp(127,2): warning C4305: 'initializing': truncation from 'double' to '_Ty'
          with
          [
              _Ty=float
          ]
F:\4.2\Graphics Lab\updated from pd\Lighting\main.cpp(127,10): warning C4305: 'initializing': truncation from 'double' to '_Ty'
          with
          [
              _Ty=float
          ]
F:\4.2\Graphics Lab\updated from pd\Lighting\main.cpp(127,18): warning C4305: 'initializing': truncation from 'double' to '_Ty'
          with
          [
              _Ty=float
          ]
F:\4.2\Graphics Lab\updated from pd\Lighting\main.cpp(128,2): warning C4305: 'initializing': truncation from 'double' to '_Ty'
          with
          [
              _Ty=float
          ]
F:\4.2\Graphics Lab\updated from pd\Lighting\main.cpp(128,10): warning C4305: 'initializing': truncation from 'double' to '_Ty'
          with
          [
              _Ty=float
          ]
F:\4.2\Graphics Lab\updated from pd\Lighting\main.cpp(128,18): warning C4305: 'initializing': truncation from 'double' to '_Ty'
          with
          [
              _Ty=float
          ]
F:\4.2\Graphics Lab\updated from pd\Lighting\main.cpp(129,2): warning C4305: 'initializing': truncation from 'double' to '_Ty'
          with
          [
              _Ty=float
          ]
F:\4.2\Graphics Lab\updated from pd\Lighting\main.cpp(129,10): warning C4305: 'initializing': truncation from 'double' to '_Ty'
          with
          [
              _Ty=float
          ]
F:\4.2\Graphics Lab\updated from pd\Lighting\main.cpp(129,18): warning C4305: 'initializing': truncation from 'double' to '_Ty'
          with
          [
              _Ty=float
          ]
F:\4.2\Graphics Lab\updated from pd\Lighting\main.cpp(130,2): warning C4305: 'initializing': truncation from 'double' to '_Ty'
          with
          [
              _Ty=float
          ]
F:\4.2\Graphics Lab\updated from pd\Lighting\main.cpp(130,10): warning C4305: 'initializing': truncation from 'double' to '_Ty'
          with
          [
              _Ty=float
          ]
F:\4.2\Graphics Lab\updated from pd\Lighting\main.cpp(130,18): warning C4305: 'initializing': truncation from 'double' to '_Ty'
          with
          [
              _Ty=float
          ]
F:\4.2\Graphics Lab\updated from pd\Lighting\main.cpp(131,2): warning C4305: 'initializing': truncation from 'double' to '_Ty'
          with
          [
              _Ty=float
          ]
F:\4.2\Graphics Lab\updated from pd\Lighting\main.cpp(131,10): warning C4305: 'initializing': truncation from 'double' to '_Ty'
          with
          [
              _Ty=float
          ]
F:\4.2\Graphics Lab\updated from pd\Lighting\main.cpp(131,18): warning C4305: 'initializing': truncation from 'double' to '_Ty'
          with
          [
              _Ty=float
          ]
F:\4.2\Graphics Lab\updated from pd\Lighting\main.cpp(132,2): warning C4305: 'initializing': truncation from 'double' to '_Ty'
          with
          [
              _Ty=float
          ]
F:\4.2\Graphics Lab\updated from pd\Lighting\main.cpp(132,10): warning C4305: 'initializing': truncation from 'double' to '_Ty'
          with
          [
              _Ty=float
          ]
F:\4.2\Graphics Lab\updated from pd\Lighting\main.cpp(132,18): warning C4305: 'initializing': truncation from 'double' to '_Ty'
          with
          [
              _Ty=float
          ]
F:\4.2\Graphics Lab\updated from pd\Lighting\main.cpp(133,2): warning C4305: 'initializing': truncation from 'double' to '_Ty'
          with
          [
              _Ty=float
          ]
F:\4.2\Graphics Lab\updated from pd\Lighting\main.cpp(133,10): warning C4305: 'initializing': truncation from 'double' to '_Ty'
          with
          [
              _Ty=float
          ]
F:\4.2\Graphics Lab\updated from pd\Lighting\main.cpp(133,18): warning C4305: 'initializing': truncation from 'double' to '_Ty'
          with
          [
              _Ty=float
          ]
F:\4.2\Graphics Lab\updated from pd\Lighting\main.cpp(134,2): warning C4305: 'initializing': truncation from 'double' to '_Ty'
          with
          [
              _Ty=float
          ]
F:\4.2\Graphics Lab\updated from pd\Lighting\main.cpp(134,10): warning C4305: 'initializing': truncation from 'double' to '_Ty'
          with
          [
              _Ty=float
          ]
F:\4.2\Graphics Lab\updated from pd\Lighting\main.cpp(134,18): warning C4305: 'initializing': truncation from 'double' to '_Ty'
          with
          [
              _Ty=float
          ]
F:\4.2\Graphics Lab\updated from pd\Lighting\main.cpp(135,2): warning C4305: 'initializing': truncation from 'double' to '_Ty'
          with
          [
              _Ty=float
          ]
F:\4.2\Graphics Lab\updated from pd\Lighting\main.cpp(135,10): warning C4305: 'initializing': truncation from 'double' to '_Ty'
          with
          [
              _Ty=float
          ]
F:\4.2\Graphics Lab\updated from pd\Lighting\main.cpp(135,18): warning C4305: 'initializing': truncation from 'double' to '_Ty'
          with
          [
              _Ty=float
          ]
F:\4.2\Graphics Lab\updated from pd\Lighting\main.cpp(136,2): warning C4305: 'initializing': truncation from 'double' to '_Ty'
          with
          [
              _Ty=float
          ]
F:\4.2\Graphics Lab\updated from pd\Lighting\main.cpp(136,10): warning C4305: 'initializing': truncation from 'double' to '_Ty'
          with
          [
              _Ty=float
          ]
F:\4.2\Graphics Lab\updated from pd\Lighting\main.cpp(136,18): warning C4305: 'initializing': truncation from 'double' to '_Ty'
          with
          [
              _Ty=float
          ]
F:\4.2\Graphics Lab\updated from pd\Lighting\main.cpp(652,15): warning C4305: 'initializing': truncation from 'double' to 'float'
F:\4.2\Graphics Lab\updated from pd\Lighting\main.cpp(656,19): warning C4305: '-=': truncation from 'double' to 'float'
F:\4.2\Graphics Lab\updated from pd\Lighting\main.cpp(658,26): warning C4305: 'initializing': truncation from 'double' to 'float'
F:\4.2\Graphics Lab\updated from pd\Lighting\main.cpp(908,30): warning C4305: 'argument': truncation from 'double' to 'float'
F:\4.2\Graphics Lab\updated from pd\Lighting\main.cpp(910,84): warning C4305: 'argument': truncation from 'double' to 'float'
F:\4.2\Graphics Lab\updated from pd\Lighting\main.cpp(910,79): warning C4305: 'argument': truncation from 'double' to 'float'
F:\4.2\Graphics Lab\updated from pd\Lighting\main.cpp(910,74): warning C4305: 'argument': truncation from 'double' to 'float'
F:\4.2\Graphics Lab\updated from pd\Lighting\main.cpp(912,85): warning C4305: 'argument': truncation from 'double' to 'float'
F:\4.2\Graphics Lab\updated from pd\Lighting\main.cpp(912,80): warning C4305: 'argument': truncation from 'double' to 'float'
F:\4.2\Graphics Lab\updated from pd\Lighting\main.cpp(912,75): warning C4305: 'argument': truncation from 'double' to 'float'
F:\4.2\Graphics Lab\updated from pd\Lighting\main.cpp(914,85): warning C4305: 'argument': truncation from 'double' to 'float'
F:\4.2\Graphics Lab\updated from pd\Lighting\main.cpp(914,80): warning C4305: 'argument': truncation from 'double' to 'float'
F:\4.2\Graphics Lab\updated from pd\Lighting\main.cpp(914,75): warning C4305: 'argument': truncation from 'double' to 'float'
F:\4.2\Graphics Lab\updated from pd\Lighting\main.cpp(916,85): warning C4305: 'argument': truncation from 'double' to 'float'
F:\4.2\Graphics Lab\updated from pd\Lighting\main.cpp(916,80): warning C4305: 'argument': truncation from 'double' to 'float'
F:\4.2\Graphics Lab\updated from pd\Lighting\main.cpp(916,75): warning C4305: 'argument': truncation from 'double' to 'float'
F:\4.2\Graphics Lab\updated from pd\Lighting\main.cpp(919,86): warning C4305: 'argument': truncation from 'double' to 'float'
F:\4.2\Graphics Lab\updated from pd\Lighting\main.cpp(919,81): warning C4305: 'argument': truncation from 'double' to 'float'
F:\4.2\Graphics Lab\updated from pd\Lighting\main.cpp(919,76): warning C4305: 'argument': truncation from 'double' to 'float'
F:\4.2\Graphics Lab\updated from pd\Lighting\main.cpp(921,86): warning C4305: 'argument': truncation from 'double' to 'float'
F:\4.2\Graphics Lab\updated from pd\Lighting\main.cpp(921,81): warning C4305: 'argument': truncation from 'double' to 'float'
F:\4.2\Graphics Lab\updated from pd\Lighting\main.cpp(921,76): warning C4305: 'argument': truncation from 'double' to 'float'
F:\4.2\Graphics Lab\updated from pd\Lighting\main.cpp(923,86): warning C4305: 'argument': truncation from 'double' to 'float'
F:\4.2\Graphics Lab\updated from pd\Lighting\main.cpp(923,81): warning C4305: 'argument': truncation from 'double' to 'float'
F:\4.2\Graphics Lab\updated from pd\Lighting\main.cpp(923,76): warning C4305: 'argument': truncation from 'double' to 'float'
F:\4.2\Graphics Lab\updated from pd\Lighting\main.cpp(925,86): warning C4305: 'argument': truncation from 'double' to 'float'
F:\4.2\Graphics Lab\updated from pd\Lighting\main.cpp(925,81): warning C4305: 'argument': truncation from 'double' to 'float'
F:\4.2\Graphics Lab\updated from pd\Lighting\main.cpp(925,76): warning C4305: 'argument': truncation from 'double' to 'float'
F:\4.2\Graphics Lab\updated from pd\Lighting\main.cpp(1071,33): warning C4305: '=': truncation from 'double' to 'float'
F:\4.2\Graphics Lab\updated from pd\Lighting\main.cpp(1124,108): warning C4305: 'argument': truncation from 'double' to 'float'
F:\4.2\Graphics Lab\updated from pd\Lighting\main.cpp(1143,60): warning C4305: 'argument': truncation from 'double' to 'float'
F:\4.2\Graphics Lab\updated from pd\Lighting\main.cpp(1143,55): warning C4305: 'argument': truncation from 'double' to 'float'
F:\4.2\Graphics Lab\updated from pd\Lighting\main.cpp(1143,50): warning C4305: 'argument': truncation from 'double' to 'float'
F:\4.2\Graphics Lab\updated from pd\Lighting\main.cpp(1211,22): warning C4305: 'initializing': truncation from 'double' to 'float'
F:\4.2\Graphics Lab\updated from pd\Lighting\main.cpp(1214,23): warning C4305: 'initializing': truncation from 'double' to 'float'
F:\4.2\Graphics Lab\updated from pd\Lighting\main.cpp(1215,24): warning C4305: 'initializing': truncation from 'double' to 'float'
F:\4.2\Graphics Lab\updated from pd\Lighting\main.cpp(1216,24): warning C4305: 'initializing': truncation from 'double' to 'float'
F:\4.2\Graphics Lab\updated from pd\Lighting\main.cpp(1217,25): warning C4305: 'initializing': truncation from 'double' to 'float'
F:\4.2\Graphics Lab\updated from pd\Lighting\main.cpp(1218,22): warning C4305: 'initializing': truncation from 'double' to 'float'
F:\4.2\Graphics Lab\updated from pd\Lighting\main.cpp(1404,60): warning C4305: 'argument': truncation from 'double' to 'float'
F:\4.2\Graphics Lab\updated from pd\Lighting\main.cpp(1404,55): warning C4305: 'argument': truncation from 'double' to 'float'
F:\4.2\Graphics Lab\updated from pd\Lighting\main.cpp(1404,50): warning C4305: 'argument': truncation from 'double' to 'float'
F:\4.2\Graphics Lab\updated from pd\Lighting\main.cpp(1667,47): warning C4305: 'argument': truncation from 'double' to 'float'
F:\4.2\Graphics Lab\updated from pd\Lighting\main.cpp(1672,47): warning C4305: 'argument': truncation from 'double' to 'float'
F:\4.2\Graphics Lab\updated from pd\Lighting\main.cpp(1689,53): warning C4305: 'argument': truncation from 'double' to 'float'
F:\4.2\Graphics Lab\updated from pd\Lighting\main.cpp(1699,53): warning C4305: 'argument': truncation from 'double' to 'float'
F:\4.2\Graphics Lab\updated from pd\Lighting\main.cpp(1721,47): warning C4305: 'argument': truncation from 'double' to 'float'
F:\4.2\Graphics Lab\updated from pd\Lighting\main.cpp(1726,47): warning C4305: 'argument': truncation from 'double' to 'float'
F:\4.2\Graphics Lab\updated from pd\Lighting\main.cpp(1742,53): warning C4305: 'argument': truncation from 'double' to 'float'
F:\4.2\Graphics Lab\updated from pd\Lighting\main.cpp(1752,53): warning C4305: 'argument': truncation from 'double' to 'float'
F:\4.2\Graphics Lab\updated from pd\Lighting\main.cpp(1773,47): warning C4305: 'argument': truncation from 'double' to 'float'
F:\4.2\Graphics Lab\updated from pd\Lighting\main.cpp(1778,47): warning C4305: 'argument': truncation from 'double' to 'float'
F:\4.2\Graphics Lab\updated from pd\Lighting\main.cpp(1794,53): warning C4305: 'argument': truncation from 'double' to 'float'
F:\4.2\Graphics Lab\updated from pd\Lighting\main.cpp(1804,53): warning C4305: 'argument': truncation from 'double' to 'float'
F:\4.2\Graphics Lab\updated from pd\Lighting\main.cpp(1825,47): warning C4305: 'argument': truncation from 'double' to 'float'
F:\4.2\Graphics Lab\updated from pd\Lighting\main.cpp(1830,47): warning C4305: 'argument': truncation from 'double' to 'float'
F:\4.2\Graphics Lab\updated from pd\Lighting\main.cpp(1846,53): warning C4305: 'argument': truncation from 'double' to 'float'
F:\4.2\Graphics Lab\updated from pd\Lighting\main.cpp(1856,53): warning C4305: 'argument': truncation from 'double' to 'float'
F:\4.2\Graphics Lab\updated from pd\Lighting\main.cpp(2003,47): warning C4305: '-=': truncation from 'double' to 'float'
F:\4.2\Graphics Lab\updated from pd\Lighting\main.cpp(2004,52): warning C4305: '-=': truncation from 'double' to 'float'
F:\4.2\Graphics Lab\updated from pd\Lighting\main.cpp(2005,34): warning C4305: '-=': truncation from 'double' to 'float'
F:\4.2\Graphics Lab\updated from pd\Lighting\main.cpp(2007,75): warning C4305: '+=': truncation from 'double' to 'float'
F:\4.2\Graphics Lab\updated from pd\Lighting\main.cpp(2008,75): warning C4305: '-=': truncation from 'double' to 'float'
F:\4.2\Graphics Lab\updated from pd\Lighting\main.cpp(2009,75): warning C4305: '+=': truncation from 'double' to 'float'
F:\4.2\Graphics Lab\updated from pd\Lighting\main.cpp(2010,75): warning C4305: '-=': truncation from 'double' to 'float'
F:\4.2\Graphics Lab\updated from pd\Lighting\main.cpp(2011,75): warning C4305: '+=': truncation from 'double' to 'float'
F:\4.2\Graphics Lab\updated from pd\Lighting\main.cpp(2012,75): warning C4305: '-=': truncation from 'double' to 'float'
F:\4.2\Graphics Lab\updated from pd\Lighting\main.cpp(2013,71): warning C4305: '+=': truncation from 'double' to 'float'
F:\4.2\Graphics Lab\updated from pd\Lighting\main.cpp(2014,71): warning C4305: '-=': truncation from 'double' to 'float'
F:\4.2\Graphics Lab\updated from pd\Lighting\main.cpp(2015,71): warning C4305: '+=': truncation from 'double' to 'float'
F:\4.2\Graphics Lab\updated from pd\Lighting\main.cpp(2016,71): warning C4305: '-=': truncation from 'double' to 'float'
F:\4.2\Graphics Lab\updated from pd\Lighting\main.cpp(2017,71): warning C4305: '+=': truncation from 'double' to 'float'
F:\4.2\Graphics Lab\updated from pd\Lighting\main.cpp(2018,71): warning C4305: '-=': truncation from 'double' to 'float'
F:\4.2\Graphics Lab\updated from pd\Lighting\main.cpp(2022,29): warning C4305: '+=': truncation from 'double' to 'float'
F:\4.2\Graphics Lab\updated from pd\Lighting\main.cpp(2029,29): warning C4305: '+=': truncation from 'double' to 'float'
F:\4.2\Graphics Lab\updated from pd\Lighting\main.cpp(2036,29): warning C4305: '+=': truncation from 'double' to 'float'
F:\4.2\Graphics Lab\updated from pd\Lighting\main.cpp(2044,21): warning C4244: '+=': conversion from 'double' to 'float', possible loss of data
F:\4.2\Graphics Lab\updated from pd\Lighting\main.cpp(2049,21): warning C4244: '-=': conversion from 'double' to 'float', possible loss of data
F:\4.2\Graphics Lab\updated from pd\Lighting\main.cpp(2054,21): warning C4244: '+=': conversion from 'double' to 'float', possible loss of data
F:\4.2\Graphics Lab\updated from pd\Lighting\main.cpp(2059,21): warning C4244: '-=': conversion from 'double' to 'float', possible loss of data
F:\4.2\Graphics Lab\updated from pd\Lighting\main.cpp(2064,21): warning C4244: '+=': conversion from 'double' to 'float', possible loss of data
F:\4.2\Graphics Lab\updated from pd\Lighting\main.cpp(2069,21): warning C4244: '-=': conversion from 'double' to 'float', possible loss of data
F:\4.2\Graphics Lab\updated from pd\Lighting\main.cpp(2426,33): warning C4305: 'initializing': truncation from 'double' to 'float'
F:\4.2\Graphics Lab\updated from pd\Lighting\main.cpp(2429,14): warning C4305: 'initializing': truncation from 'double' to 'float'
F:\4.2\Graphics Lab\updated from pd\Lighting\main.cpp(2439,25): warning C4244: '=': conversion from 'double' to 'float', possible loss of data
F:\4.2\Graphics Lab\updated from pd\Lighting\main.cpp(2445,19): warning C4244: '=': conversion from 'double' to 'float', possible loss of data
F:\4.2\Graphics Lab\updated from pd\Lighting\main.cpp(2446,19): warning C4244: '=': conversion from 'double' to 'float', possible loss of data
  Lighting.vcxproj -> F:\4.2\Graphics Lab\updated from pd\Lighting\x64\Debug\Lighting.exe
